<?xml version="1.0" encoding="UTF-8"?>
<testsuite xmlns:xsi="http://www.w3.org/2001/XMLSchema-instance" xsi:noNamespaceSchemaLocation="https://maven.apache.org/surefire/maven-surefire-plugin/xsd/surefire-test-report.xsd" version="3.0.2" name="com.shopeazy.notification.NotificationServiceApplicationTests" time="7.817" tests="1" errors="0" skipped="0" failures="0">
  <properties>
[...]
</properties>
  <testcase name="contextLoads" classname="com.shopeazy.notification.NotificationServiceApplicationTests" time="0.652">
    <system-out><![CDATA[22:59:05.923 [main] INFO org.springframework.test.context.support.AnnotationConfigContextLoaderUtils -- Could not detect default configuration classes for test class [com.shopeazy.notification.NotificationServiceApplicationTests]: NotificationServiceApplicationTests does not declare any static, non-private, non-final, nested classes annotated with @Configuration.
22:59:06.083 [main] INFO org.springframework.boot.test.context.SpringBootTestContextBootstrapper -- Found @SpringBootConfiguration com.shopeazy.notification.NotificationServiceApplication for test class com.shopeazy.notification.NotificationServiceApplicationTests

  .   ____          _            __ _ _
 /\\ / ___'_ __ _ _(_)_ __  __ _ \ \ \ \
( ( )\___ | '_ | '_| | '_ \/ _` | \ \ \ \
 \\/  ___)| |_)| | | | | || (_| |  ) ) ) )
  '  |____| .__|_| |_|_| |_\__, | / / / /
 =========|_|==============|___/=/_/_/_/

 :: Spring Boot ::                (v3.5.3)

2025-08-14T22:59:06.955+05:30  INFO 11536 --- [notification-service] [           main] .s.n.NotificationServiceApplicationTests : Starting NotificationServiceApplicationTests using Java 18.0.2.1 with PID 11536 (started by manthanm in /Users/manthanm/Documents/Projects/GitDemo/e-commerce/notification-service)
2025-08-14T22:59:06.958+05:30  INFO 11536 --- [notification-service] [           main] .s.n.NotificationServiceApplicationTests : No active profile set, falling back to 1 default profile: "default"
2025-08-14T22:59:08.160+05:30  INFO 11536 --- [notification-service] [           main] .s.d.r.c.RepositoryConfigurationDelegate : Multiple Spring Data modules found, entering strict repository configuration mode
2025-08-14T22:59:08.162+05:30  INFO 11536 --- [notification-service] [           main] .s.d.r.c.RepositoryConfigurationDelegate : Bootstrapping Spring Data JDBC repositories in DEFAULT mode.
2025-08-14T22:59:08.192+05:30  INFO 11536 --- [notification-service] [           main] .s.d.r.c.RepositoryConfigurationDelegate : Finished Spring Data repository scanning in 19 ms. Found 0 JDBC repository interfaces.
2025-08-14T22:59:08.224+05:30  INFO 11536 --- [notification-service] [           main] .s.d.r.c.RepositoryConfigurationDelegate : Multiple Spring Data modules found, entering strict repository configuration mode
2025-08-14T22:59:08.225+05:30  INFO 11536 --- [notification-service] [           main] .s.d.r.c.RepositoryConfigurationDelegate : Bootstrapping Spring Data JPA repositories in DEFAULT mode.
2025-08-14T22:59:08.236+05:30  INFO 11536 --- [notification-service] [           main] .s.d.r.c.RepositoryConfigurationDelegate : Finished Spring Data repository scanning in 2 ms. Found 0 JPA repository interfaces.
2025-08-14T22:59:08.593+05:30  INFO 11536 --- [notification-service] [           main] o.s.cloud.context.scope.GenericScope     : BeanFactory id=5dabceda-5aeb-30f9-96d0-e05cb97158b7
2025-08-14T22:59:09.228+05:30  INFO 11536 --- [notification-service] [           main] o.hibernate.jpa.internal.util.LogHelper  : HHH000204: Processing PersistenceUnitInfo [name: default]
2025-08-14T22:59:09.274+05:30  INFO 11536 --- [notification-service] [           main] org.hibernate.Version                    : HHH000412: Hibernate ORM core version 6.6.18.Final
2025-08-14T22:59:09.307+05:30  INFO 11536 --- [notification-service] [           main] o.h.c.internal.RegionFactoryInitiator    : HHH000026: Second-level cache disabled
2025-08-14T22:59:09.596+05:30  INFO 11536 --- [notification-service] [           main] o.s.o.j.p.SpringPersistenceUnitInfo      : No LoadTimeWeaver setup: ignoring JPA class transformer
2025-08-14T22:59:09.618+05:30  INFO 11536 --- [notification-service] [           main] com.zaxxer.hikari.HikariDataSource       : HikariPool-1 - Starting...
2025-08-14T22:59:09.883+05:30  INFO 11536 --- [notification-service] [           main] com.zaxxer.hikari.pool.HikariPool        : HikariPool-1 - Added connection org.postgresql.jdbc.PgConnection@72a34537
2025-08-14T22:59:09.884+05:30  INFO 11536 --- [notification-service] [           main] com.zaxxer.hikari.HikariDataSource       : HikariPool-1 - Start completed.
2025-08-14T22:59:09.973+05:30  INFO 11536 --- [notification-service] [           main] org.hibernate.orm.connections.pooling    : HHH10001005: Database info:
	Database JDBC URL [Connecting through datasource 'HikariDataSource (HikariPool-1)']
	Database driver: undefined/unknown
	Database version: 17.0
	Autocommit mode: undefined/unknown
	Isolation level: undefined/unknown
	Minimum pool size: undefined/unknown
	Maximum pool size: undefined/unknown
2025-08-14T22:59:10.232+05:30  INFO 11536 --- [notification-service] [           main] o.h.e.t.j.p.i.JtaPlatformInitiator       : HHH000489: No JTA platform available (set 'hibernate.transaction.jta.platform' to enable JTA platform integration)
2025-08-14T22:59:10.236+05:30  INFO 11536 --- [notification-service] [           main] j.LocalContainerEntityManagerFactoryBean : Initialized JPA EntityManagerFactory for persistence unit 'default'
2025-08-14T22:59:10.572+05:30  WARN 11536 --- [notification-service] [           main] JpaBaseConfiguration$JpaWebConfiguration : spring.jpa.open-in-view is enabled by default. Therefore, database queries may be performed during view rendering. Explicitly configure spring.jpa.open-in-view to disable this warning
2025-08-14T22:59:11.770+05:30  INFO 11536 --- [notification-service] [           main] DiscoveryClientOptionalArgsConfiguration : Eureka HTTP Client uses RestTemplate.
2025-08-14T22:59:11.820+05:30  WARN 11536 --- [notification-service] [           main] iguration$LoadBalancerCaffeineWarnLogger : Spring Cloud LoadBalancer is currently working with the default cache. While this cache implementation is useful for development and tests, it's recommended to use Caffeine cache in production.You can switch to using Caffeine cache, by adding it and org.springframework.cache.caffeine.CaffeineCacheManager to the classpath.
2025-08-14T22:59:11.874+05:30  INFO 11536 --- [notification-service] [           main] o.s.c.n.eureka.InstanceInfoFactory       : Setting initial instance status as: STARTING
2025-08-14T22:59:11.904+05:30  INFO 11536 --- [notification-service] [           main] com.netflix.discovery.DiscoveryClient    : Initializing Eureka in region us-east-1
2025-08-14T22:59:11.906+05:30  INFO 11536 --- [notification-service] [           main] c.n.d.s.r.aws.ConfigClusterResolver      : Resolving eureka endpoints via configuration
2025-08-14T22:59:11.913+05:30  INFO 11536 --- [notification-service] [           main] com.netflix.discovery.DiscoveryClient    : Disable delta property : false
2025-08-14T22:59:11.914+05:30  INFO 11536 --- [notification-service] [           main] com.netflix.discovery.DiscoveryClient    : Single vip registry refresh property : null
2025-08-14T22:59:11.914+05:30  INFO 11536 --- [notification-service] [           main] com.netflix.discovery.DiscoveryClient    : Force full registry fetch : false
2025-08-14T22:59:11.914+05:30  INFO 11536 --- [notification-service] [           main] com.netflix.discovery.DiscoveryClient    : Application is null : false
2025-08-14T22:59:11.914+05:30  INFO 11536 --- [notification-service] [           main] com.netflix.discovery.DiscoveryClient    : Registered Applications size is zero : true
2025-08-14T22:59:11.914+05:30  INFO 11536 --- [notification-service] [           main] com.netflix.discovery.DiscoveryClient    : Application version is -1: true
2025-08-14T22:59:11.914+05:30  INFO 11536 --- [notification-service] [           main] com.netflix.discovery.DiscoveryClient    : Getting all instance registry info from the eureka server
2025-08-14T22:59:12.771+05:30  INFO 11536 --- [notification-service] [           main] com.netflix.discovery.DiscoveryClient    : The response status is 200
2025-08-14T22:59:12.775+05:30  INFO 11536 --- [notification-service] [           main] com.netflix.discovery.DiscoveryClient    : Starting heartbeat executor: renew interval is: 30
2025-08-14T22:59:12.776+05:30  INFO 11536 --- [notification-service] [           main] c.n.discovery.InstanceInfoReplicator     : InstanceInfoReplicator onDemand update allowed rate per min is 4
2025-08-14T22:59:12.777+05:30  INFO 11536 --- [notification-service] [           main] com.netflix.discovery.DiscoveryClient    : Discovery Client initialized at timestamp 1755192552776 with initial instances count: 1
2025-08-14T22:59:12.793+05:30  INFO 11536 --- [notification-service] [           main] o.s.c.n.e.s.EurekaServiceRegistry        : Registering application NOTIFICATION-SERVICE with eureka with status UP
2025-08-14T22:59:12.794+05:30  INFO 11536 --- [notification-service] [           main] com.netflix.discovery.DiscoveryClient    : Saw local status change event StatusChangeEvent [timestamp=1755192552794, current=UP, previous=STARTING]
2025-08-14T22:59:12.795+05:30  INFO 11536 --- [notification-service] [foReplicator-%d] com.netflix.discovery.DiscoveryClient    : DiscoveryClient_NOTIFICATION-SERVICE/192.168.1.5:notification-service:8098: registering service...
2025-08-14T22:59:12.819+05:30  INFO 11536 --- [notification-service] [           main] .s.n.NotificationServiceApplicationTests : Started NotificationServiceApplicationTests in 6.328 seconds (process running for 7.792)
2025-08-14T22:59:12.917+05:30  INFO 11536 --- [notification-service] [foReplicator-%d] com.netflix.discovery.DiscoveryClient    : DiscoveryClient_NOTIFICATION-SERVICE/192.168.1.5:notification-service:8098 - registration status: 204
]]></system-out>
  </testcase>
</testsuite>