<?xml version="1.0" encoding="UTF-8"?>
<testsuite xmlns:xsi="http://www.w3.org/2001/XMLSchema-instance" xsi:noNamespaceSchemaLocation="https://maven.apache.org/surefire/maven-surefire-plugin/xsd/surefire-test-report.xsd" version="3.0.2" name="com.shopeazy.notification.service.MailServiceTests" time="4.302" tests="1" errors="0" skipped="0" failures="0">
  <properties>
[...]
</properties>
  <testcase name="mailtest" classname="com.shopeazy.notification.service.MailServiceTests" time="4.236">
    <system-out><![CDATA[2025-08-15T10:19:31.242+05:30  INFO 13265 --- [notification-service] [           main] t.c.s.AnnotationConfigContextLoaderUtils : Could not detect default configuration classes for test class [com.shopeazy.notification.service.MailServiceTests]: MailServiceTests does not declare any static, non-private, non-final, nested classes annotated with @Configuration.
2025-08-15T10:19:31.273+05:30  INFO 13265 --- [notification-service] [           main] .b.t.c.SpringBootTestContextBootstrapper : Found @SpringBootConfiguration com.shopeazy.notification.NotificationServiceApplication for test class com.shopeazy.notification.service.MailServiceTests
]]></system-out>
  </testcase>
</testsuite>